{
  "RSpec": {
    "coverage": {
      "/Users/djsdollars/Desktop/Dev/ivotify-api/spec/models/candidate_spec.rb": [
        1,
        null,
        1,
        null,
        1,
        1,
        1,
        null,
        null,
        1,
        1,
        1,
        null,
        null,
        1,
        1,
        1,
        null,
        null,
        1,
        1,
        1,
        null,
        null,
        1,
        1,
        1,
        null,
        null,
        null
      ],
      "/Users/djsdollars/Desktop/Dev/ivotify-api/spec/rails_helper.rb": [
        null,
        1,
        1,
        null,
        1,
        1,
        1,
        1,
        null,
        null,
        null,
        null,
        null,
        null,
        null,
        null,
        null,
        null,
        null,
        null,
        null,
        null,
        null,
        null,
        null,
        null,
        null,
        1,
        null,
        1,
        null,
        null,
        null,
        null,
        null,
        null,
        1,
        null,
        null,
        null,
        null,
        null,
        null,
        null,
        null,
        null,
        null,
        null,
        null,
        null,
        null,
        1,
        null
      ],
      "/Users/djsdollars/Desktop/Dev/ivotify-api/config/environment.rb": [
        null,
        1,
        null,
        null,
        1
      ],
      "/Users/djsdollars/Desktop/Dev/ivotify-api/config/application.rb": [
        1,
        null,
        1,
        null,
        1,
        1,
        1,
        1,
        1,
        1,
        null,
        null,
        null,
        null,
        null,
        1,
        null,
        1,
        1,
        null,
        null,
        1,
        1,
        1,
        1,
        null,
        null,
        null,
        null,
        null,
        1,
        null,
        null
      ],
      "/Users/djsdollars/Desktop/Dev/ivotify-api/config/boot.rb": [
        1,
        null,
        1
      ],
      "/Users/djsdollars/Desktop/Dev/ivotify-api/config/environments/test.rb": [
        1,
        null,
        null,
        null,
        null,
        null,
        null,
        1,
        null,
        null,
        null,
        null,
        1,
        null,
        null,
        1,
        1,
        null,
        null,
        1,
        1,
        null,
        null,
        1,
        null,
        null,
        1,
        null,
        null,
        null,
        null,
        1,
        null,
        null,
        1,
        null,
        null,
        1,
        null,
        null,
        null,
        null
      ],
      "/Users/djsdollars/Desktop/Dev/ivotify-api/config/initializers/assets.rb": [
        null,
        null,
        null,
        1,
        null,
        null,
        null,
        null,
        null,
        null,
        null
      ],
      "/Users/djsdollars/Desktop/Dev/ivotify-api/config/initializers/backtrace_silencers.rb": [
        null,
        null,
        null,
        null,
        null,
        null,
        null
      ],
      "/Users/djsdollars/Desktop/Dev/ivotify-api/config/initializers/cookies_serializer.rb": [
        null,
        null,
        1
      ],
      "/Users/djsdollars/Desktop/Dev/ivotify-api/config/initializers/filter_parameter_logging.rb": [
        null,
        null,
        null,
        1
      ],
      "/Users/djsdollars/Desktop/Dev/ivotify-api/config/initializers/inflections.rb": [
        null,
        null,
        null,
        null,
        null,
        null,
        null,
        null,
        null,
        null,
        null,
        null,
        null,
        null,
        null,
        null
      ],
      "/Users/djsdollars/Desktop/Dev/ivotify-api/config/initializers/mime_types.rb": [
        null,
        null,
        null,
        null
      ],
      "/Users/djsdollars/Desktop/Dev/ivotify-api/config/initializers/session_store.rb": [
        null,
        null,
        1
      ],
      "/Users/djsdollars/Desktop/Dev/ivotify-api/config/initializers/wrap_parameters.rb": [
        null,
        null,
        null,
        null,
        null,
        null,
        1,
        1,
        null,
        null,
        null,
        null,
        null,
        null
      ],
      "/Users/djsdollars/Desktop/Dev/ivotify-api/spec/factories/candidates.rb": [
        1,
        1,
        17,
        17,
        18,
        null,
        1,
        1,
        1,
        1,
        null,
        null,
        null,
        null
      ],
      "/Users/djsdollars/Desktop/Dev/ivotify-api/spec/factories/issues.rb": [
        1,
        1,
        16,
        16,
        null,
        1,
        1,
        1,
        null,
        null,
        null,
        null
      ],
      "/Users/djsdollars/Desktop/Dev/ivotify-api/spec/factories/users.rb": [
        1,
        1,
        16,
        14,
        1,
        1,
        null,
        1,
        1,
        null,
        null,
        1,
        1,
        1,
        1,
        1,
        null,
        null,
        null,
        null,
        null
      ],
      "/Users/djsdollars/Desktop/Dev/ivotify-api/config/routes.rb": [
        1,
        null,
        1,
        null,
        1,
        1,
        1,
        null,
        null,
        null
      ],
      "/Users/djsdollars/Desktop/Dev/ivotify-api/app/helpers/application_helper.rb": [
        1,
        null
      ],
      "/Users/djsdollars/Desktop/Dev/ivotify-api/spec/support/factory_girl.rb": [
        1,
        1,
        null
      ],
      "/Users/djsdollars/Desktop/Dev/ivotify-api/app/models/candidate.rb": [
        1,
        1,
        1,
        1,
        null,
        1,
        12,
        null,
        null,
        null
      ],
      "/Users/djsdollars/Desktop/Dev/ivotify-api/spec/models/issue_spec.rb": [
        1,
        null,
        1,
        null,
        1,
        1,
        1,
        null,
        null,
        1,
        1,
        1,
        null,
        null,
        1,
        1,
        1,
        null,
        null,
        null
      ],
      "/Users/djsdollars/Desktop/Dev/ivotify-api/app/models/issue.rb": [
        1,
        1,
        1,
        null
      ],
      "/Users/djsdollars/Desktop/Dev/ivotify-api/spec/models/user_spec.rb": [
        1,
        null,
        1,
        null,
        1,
        null,
        1,
        1,
        1,
        null,
        null,
        1,
        1,
        1,
        null,
        null,
        1,
        1,
        1,
        null,
        null,
        1,
        1,
        1,
        null,
        null,
        1,
        1,
        1,
        1,
        null,
        1,
        1,
        null,
        1,
        1,
        null,
        1,
        1,
        null,
        1,
        1,
        null,
        null,
        1,
        1,
        1,
        1,
        null,
        null,
        1,
        1,
        1,
        null,
        null,
        null,
        null,
        1,
        null,
        1,
        1,
        1,
        null,
        null,
        null,
        null,
        null,
        null,
        null
      ],
      "/Users/djsdollars/Desktop/Dev/ivotify-api/app/models/user.rb": [
        1,
        1,
        1,
        1,
        1,
        null,
        1,
        2,
        null,
        null,
        null
      ],
      "/Users/djsdollars/Desktop/Dev/ivotify-api/spec/requests/api/candidates_spec.rb": [
        1,
        null,
        1,
        null,
        1,
        1,
        null,
        1,
        null,
        1,
        1,
        null,
        null,
        1,
        1,
        null,
        1,
        null,
        1,
        1,
        null,
        1,
        1,
        1,
        1,
        1,
        null,
        null,
        1,
        1,
        null,
        2,
        1,
        1,
        null,
        null,
        1,
        1,
        null,
        2,
        1,
        1,
        null,
        null,
        1,
        1,
        1,
        null,
        null,
        null,
        null,
        null,
        1,
        null,
        1,
        1,
        null,
        1,
        1,
        1,
        1,
        1,
        null,
        null,
        null,
        1,
        1,
        1,
        null,
        null,
        null,
        null,
        null,
        1,
        null,
        1,
        1,
        null,
        null,
        1,
        1,
        null,
        1,
        null,
        1,
        1,
        null,
        null,
        null,
        null
      ],
      "/Users/djsdollars/Desktop/Dev/ivotify-api/spec/requests/api/issues_spec.rb": [
        1,
        null,
        1,
        null,
        1,
        1,
        null,
        1,
        null,
        1,
        1,
        null,
        null,
        1,
        1,
        null,
        1,
        null,
        1,
        1,
        null,
        1,
        1,
        1,
        null,
        null,
        1,
        1,
        null,
        2,
        1,
        1,
        null,
        null,
        1,
        1,
        null,
        2,
        1,
        1,
        null,
        null,
        1,
        1,
        1,
        null,
        null,
        null,
        null,
        1,
        null,
        1,
        1,
        null,
        1,
        1,
        1,
        null,
        null,
        1,
        1,
        1,
        null,
        null,
        null,
        null,
        1,
        null,
        1,
        1,
        null,
        null,
        1,
        1,
        null,
        1,
        null,
        1,
        1,
        null,
        null,
        null,
        null
      ],
      "/Users/djsdollars/Desktop/Dev/ivotify-api/spec/requests/api/session_spec.rb": [
        1,
        null,
        1,
        null,
        1,
        1,
        null,
        1,
        1,
        null,
        1,
        null,
        1,
        1,
        1,
        null,
        null,
        1,
        1,
        null,
        1,
        1,
        null,
        1,
        1,
        null,
        null,
        null,
        null
      ],
      "/Users/djsdollars/Desktop/Dev/ivotify-api/spec/requests/api/users_spec.rb": [
        1,
        null,
        1,
        null,
        1,
        1,
        null,
        1,
        null,
        1,
        1,
        null,
        1,
        1,
        1,
        null,
        null,
        1,
        1,
        null,
        2,
        1,
        1,
        null,
        null,
        1,
        1,
        null,
        2,
        1,
        1,
        null,
        null,
        1,
        1,
        1,
        null,
        null,
        null,
        null,
        1,
        null,
        1,
        1,
        null,
        1,
        1,
        1,
        null,
        null,
        1,
        1,
        1,
        null,
        null,
        null,
        null,
        1,
        null,
        1,
        0,
        null,
        null,
        1,
        1,
        null,
        1,
        null,
        1,
        1,
        null,
        null,
        null,
        null
      ],
      "/Users/djsdollars/Desktop/Dev/ivotify-api/app/controllers/api/candidates_controller.rb": [
        1,
        null,
        1,
        1,
        null,
        null,
        1,
        1,
        null,
        null,
        1,
        2,
        2,
        1,
        null,
        1,
        null,
        null,
        null,
        1,
        2,
        2,
        1,
        null,
        1,
        null,
        null,
        null,
        1,
        1,
        1,
        1,
        null,
        null,
        1,
        1,
        4,
        null,
        null,
        null
      ],
      "/Users/djsdollars/Desktop/Dev/ivotify-api/app/controllers/application_controller.rb": [
        1,
        1,
        null,
        1,
        null,
        null,
        null
      ],
      "/Users/djsdollars/Desktop/Dev/ivotify-api/app/controllers/api/issues_controller.rb": [
        1,
        null,
        1,
        1,
        1,
        null,
        null,
        1,
        0,
        null,
        null,
        1,
        1,
        null,
        null,
        1,
        2,
        2,
        1,
        null,
        1,
        null,
        null,
        null,
        1,
        2,
        2,
        1,
        null,
        1,
        null,
        null,
        null,
        1,
        1,
        1,
        1,
        null,
        null,
        1,
        1,
        4,
        null,
        null
      ],
      "/Users/djsdollars/Desktop/Dev/ivotify-api/app/controllers/api/sessions_controller.rb": [
        1,
        null,
        1,
        2,
        2,
        1,
        1,
        null,
        1,
        null,
        null,
        null,
        1,
        0,
        0,
        null,
        null,
        null,
        null
      ],
      "/Users/djsdollars/Desktop/Dev/ivotify-api/app/controllers/api/users_controller.rb": [
        1,
        null,
        1,
        0,
        null,
        null,
        1,
        1,
        1,
        null,
        null,
        1,
        2,
        2,
        1,
        1,
        null,
        1,
        null,
        null,
        null,
        1,
        2,
        2,
        1,
        null,
        1,
        null,
        null,
        null,
        1,
        1,
        1,
        null,
        null,
        null,
        1,
        1,
        4,
        null,
        null,
        null,
        null
      ]
    },
    "timestamp": 1444282456
  }
}
